  data.cpp
  main.cpp
C:\Users\GA3\Documents\GitHub\Concentration\神経衰弱\Cliant\Cliant\main.cpp(189,43): error C2146: 構文エラー: ')' が、識別子 'i' の前に必要です。
C:\Users\GA3\Documents\GitHub\Concentration\神経衰弱\Cliant\Cliant\main.cpp(189,30): warning C4552: '<': 式の結果が使用されていません
C:\Users\GA3\Documents\GitHub\Concentration\神経衰弱\Cliant\Cliant\main.cpp(189,44): error C2059: 構文エラー: ';'
C:\Users\GA3\Documents\GitHub\Concentration\神経衰弱\Cliant\Cliant\main.cpp(189,46): error C2059: 構文エラー: ')'
C:\Users\GA3\Documents\GitHub\Concentration\神経衰弱\Cliant\Cliant\main.cpp(191,4): error C2059: 構文エラー: 'if'
C:\Users\GA3\Documents\GitHub\Concentration\神経衰弱\Cliant\Cliant\main.cpp(192,4): error C2143: 構文エラー: ';' が '{' の前にありません。
C:\Users\GA3\Documents\GitHub\Concentration\神経衰弱\Cliant\Cliant\main.cpp(194,27): error C2065: 'i': 定義されていない識別子です。
C:\Users\GA3\Documents\GitHub\Concentration\神経衰弱\Cliant\Cliant\main.cpp(196,47): error C2065: 'i': 定義されていない識別子です。
C:\Users\GA3\Documents\GitHub\Concentration\神経衰弱\Cliant\Cliant\main.cpp(197,37): error C2065: 'i': 定義されていない識別子です。
C:\Users\GA3\Documents\GitHub\Concentration\神経衰弱\Cliant\Cliant\main.cpp(198,29): error C2065: 'i': 定義されていない識別子です。
C:\Users\GA3\Documents\GitHub\Concentration\神経衰弱\Cliant\Cliant\main.cpp(198,66): error C2065: 'i': 定義されていない識別子です。
C:\Users\GA3\Documents\GitHub\Concentration\神経衰弱\Cliant\Cliant\main.cpp(196,6): error C2660: 'DxLib::DrawGraphF': 関数に 2 個の引数を指定できません。
C:\Users\GA3\Documents\GitHub\Concentration\神経衰弱\dxlib\DxLib.h(2760,14): message : 'DxLib::DrawGraphF' の宣言を確認してください
C:\Users\GA3\Documents\GitHub\Concentration\神経衰弱\Cliant\Cliant\main.cpp(202,32): error C2065: 'i': 定義されていない識別子です。
C:\Users\GA3\Documents\GitHub\Concentration\神経衰弱\Cliant\Cliant\main.cpp(204,47): error C2065: 'i': 定義されていない識別子です。
C:\Users\GA3\Documents\GitHub\Concentration\神経衰弱\Cliant\Cliant\main.cpp(205,37): error C2065: 'i': 定義されていない識別子です。
C:\Users\GA3\Documents\GitHub\Concentration\神経衰弱\Cliant\Cliant\main.cpp(204,6): error C2660: 'DxLib::DrawGraphF': 関数に 3 個の引数を指定できません。
C:\Users\GA3\Documents\GitHub\Concentration\神経衰弱\dxlib\DxLib.h(2760,14): message : 'DxLib::DrawGraphF' の宣言を確認してください
C:\Users\GA3\Documents\GitHub\Concentration\神経衰弱\Cliant\Cliant\main.cpp(235,30): error C2043: 'break' が正しくありません。
C:\Users\GA3\Documents\GitHub\Concentration\神経衰弱\Cliant\Cliant\main.cpp(238,13): error C4430: 型指定子がありません - int と仮定しました。メモ: C++ は int を既定値としてサポートしていません
C:\Users\GA3\Documents\GitHub\Concentration\神経衰弱\Cliant\Cliant\main.cpp(239,2): error C2059: 構文エラー: 'return'
C:\Users\GA3\Documents\GitHub\Concentration\神経衰弱\Cliant\Cliant\main.cpp(240,1): error C2059: 構文エラー: '}'
C:\Users\GA3\Documents\GitHub\Concentration\神経衰弱\Cliant\Cliant\main.cpp(240,1): error C2143: 構文エラー: ';' が '}' の前にありません。
  select.cpp
  コードを生成中...
